TN:
SF:src\services\link-preview.service.ts
FN:22,(anonymous_0)
FN:40,(anonymous_1)
FN:50,(anonymous_2)
FN:51,(anonymous_3)
FN:89,(anonymous_4)
FN:114,(anonymous_5)
FNF:6
FNH:2
FNDA:10,(anonymous_0)
FNDA:0,(anonymous_1)
FNDA:0,(anonymous_2)
FNDA:0,(anonymous_3)
FNDA:1,(anonymous_4)
FNDA:0,(anonymous_5)
DA:15,1
DA:23,10
DA:24,3
DA:27,7
DA:28,7
DA:29,4
DA:31,3
DA:41,0
DA:43,0
DA:44,0
DA:45,0
DA:50,0
DA:51,0
DA:54,0
DA:61,0
DA:72,0
DA:75,0
DA:76,0
DA:92,1
DA:94,1
DA:95,1
DA:96,1
DA:100,0
DA:101,0
DA:104,0
DA:105,0
DA:115,0
DA:116,0
DA:117,0
DA:119,0
LF:30
LH:11
BRDA:23,0,0,3
BRDA:23,1,0,10
BRDA:23,1,1,7
BRDA:28,2,0,4
BRDA:28,3,0,7
BRDA:28,3,1,4
BRDA:43,4,0,0
BRDA:63,5,0,0
BRDA:63,5,1,0
BRDA:64,6,0,0
BRDA:64,6,1,0
BRDA:67,7,0,0
BRDA:67,7,1,0
BRDA:67,7,2,0
BRDA:95,8,0,1
BRF:15
BRH:7
end_of_record
