TN:
SF:src\model\Message.ts
FN:109,(anonymous_0)
FNF:1
FNH:0
FNDA:0,(anonymous_0)
DA:1,1
DA:44,1
DA:46,1
DA:55,1
DA:64,1
DA:86,1
DA:111,0
DA:112,0
DA:114,0
DA:115,0
DA:162,1
DA:164,1
DA:166,1
LF:13
LH:9
BRDA:111,0,0,0
BRDA:111,1,0,0
BRDA:111,1,1,0
BRDA:112,2,0,0
BRDA:112,2,1,0
BRDA:114,3,0,0
BRDA:114,3,1,0
BRDA:115,4,0,0
BRDA:115,4,1,0
BRF:9
BRH:0
end_of_record
TN:
SF:src\services\chat.service.ts
FN:51,(anonymous_0)
FN:72,(anonymous_1)
FN:89,(anonymous_2)
FN:103,(anonymous_3)
FN:110,(anonymous_4)
FN:116,(anonymous_5)
FN:120,(anonymous_6)
FN:130,(anonymous_7)
FN:137,(anonymous_8)
FN:150,(anonymous_9)
FN:180,(anonymous_10)
FN:195,(anonymous_11)
FN:222,(anonymous_12)
FN:225,(anonymous_13)
FN:234,(anonymous_14)
FN:268,(anonymous_15)
FN:277,(anonymous_16)
FN:298,(anonymous_17)
FN:321,(anonymous_18)
FN:337,(anonymous_19)
FN:341,(anonymous_20)
FN:358,(anonymous_21)
FN:391,(anonymous_22)
FN:446,(anonymous_23)
FN:466,(anonymous_24)
FN:499,(anonymous_25)
FN:550,(anonymous_26)
FN:578,(anonymous_27)
FN:600,(anonymous_28)
FN:654,(anonymous_29)
FN:668,(anonymous_30)
FN:704,(anonymous_31)
FN:724,(anonymous_32)
FN:792,(anonymous_33)
FN:802,(anonymous_34)
FN:820,(anonymous_35)
FN:877,(anonymous_36)
FN:893,(anonymous_37)
FN:905,(anonymous_38)
FN:910,(anonymous_39)
FN:917,(anonymous_40)
FN:930,(anonymous_41)
FN:952,(anonymous_42)
FN:968,(anonymous_43)
FN:980,(anonymous_44)
FN:987,(anonymous_45)
FN:1023,(anonymous_46)
FN:1046,(anonymous_47)
FN:1069,(anonymous_48)
FN:1079,(anonymous_49)
FN:1104,(anonymous_50)
FN:1118,(anonymous_51)
FN:1132,(anonymous_52)
FN:1161,(anonymous_53)
FN:1205,(anonymous_54)
FN:1221,(anonymous_55)
FN:1240,(anonymous_56)
FN:1260,(anonymous_57)
FN:1283,(anonymous_58)
FN:1312,(anonymous_59)
FN:1315,(anonymous_60)
FN:1317,(anonymous_61)
FN:1378,(anonymous_62)
FN:1387,(anonymous_63)
FN:1398,(anonymous_64)
FN:1486,(anonymous_65)
FN:1505,(anonymous_66)
FN:1513,(anonymous_67)
FN:1521,(anonymous_68)
FN:1575,(anonymous_69)
FN:1603,(anonymous_70)
FN:1635,(anonymous_71)
FN:1709,(anonymous_72)
FN:1760,(anonymous_73)
FNF:74
FNH:19
FNDA:1,(anonymous_0)
FNDA:0,(anonymous_1)
FNDA:0,(anonymous_2)
FNDA:1,(anonymous_3)
FNDA:0,(anonymous_4)
FNDA:0,(anonymous_5)
FNDA:0,(anonymous_6)
FNDA:1,(anonymous_7)
FNDA:0,(anonymous_8)
FNDA:2,(anonymous_9)
FNDA:1,(anonymous_10)
FNDA:0,(anonymous_11)
FNDA:0,(anonymous_12)
FNDA:0,(anonymous_13)
FNDA:0,(anonymous_14)
FNDA:0,(anonymous_15)
FNDA:0,(anonymous_16)
FNDA:0,(anonymous_17)
FNDA:0,(anonymous_18)
FNDA:0,(anonymous_19)
FNDA:0,(anonymous_20)
FNDA:0,(anonymous_21)
FNDA:0,(anonymous_22)
FNDA:0,(anonymous_23)
FNDA:0,(anonymous_24)
FNDA:0,(anonymous_25)
FNDA:2,(anonymous_26)
FNDA:2,(anonymous_27)
FNDA:0,(anonymous_28)
FNDA:0,(anonymous_29)
FNDA:0,(anonymous_30)
FNDA:0,(anonymous_31)
FNDA:2,(anonymous_32)
FNDA:1,(anonymous_33)
FNDA:0,(anonymous_34)
FNDA:1,(anonymous_35)
FNDA:0,(anonymous_36)
FNDA:0,(anonymous_37)
FNDA:0,(anonymous_38)
FNDA:0,(anonymous_39)
FNDA:0,(anonymous_40)
FNDA:0,(anonymous_41)
FNDA:0,(anonymous_42)
FNDA:0,(anonymous_43)
FNDA:0,(anonymous_44)
FNDA:0,(anonymous_45)
FNDA:0,(anonymous_46)
FNDA:0,(anonymous_47)
FNDA:0,(anonymous_48)
FNDA:0,(anonymous_49)
FNDA:0,(anonymous_50)
FNDA:0,(anonymous_51)
FNDA:0,(anonymous_52)
FNDA:0,(anonymous_53)
FNDA:0,(anonymous_54)
FNDA:0,(anonymous_55)
FNDA:0,(anonymous_56)
FNDA:0,(anonymous_57)
FNDA:0,(anonymous_58)
FNDA:0,(anonymous_59)
FNDA:0,(anonymous_60)
FNDA:0,(anonymous_61)
FNDA:2,(anonymous_62)
FNDA:1,(anonymous_63)
FNDA:1,(anonymous_64)
FNDA:1,(anonymous_65)
FNDA:0,(anonymous_66)
FNDA:0,(anonymous_67)
FNDA:2,(anonymous_68)
FNDA:2,(anonymous_69)
FNDA:2,(anonymous_70)
FNDA:0,(anonymous_71)
FNDA:2,(anonymous_72)
FNDA:5,(anonymous_73)
DA:1,1
DA:2,1
DA:4,1
DA:5,1
DA:6,1
DA:9,1
DA:10,1
DA:50,1
DA:55,1
DA:56,1
DA:58,1
DA:59,1
DA:62,0
DA:66,0
DA:69,0
DA:76,0
DA:77,0
DA:80,0
DA:81,0
DA:84,0
DA:85,0
DA:93,0
DA:94,0
DA:95,0
DA:98,0
DA:99,0
DA:107,1
DA:113,0
DA:117,0
DA:121,0
DA:122,0
DA:123,0
DA:126,0
DA:127,0
DA:131,1
DA:134,1
DA:141,0
DA:142,0
DA:145,0
DA:146,0
DA:151,2
DA:152,2
DA:155,2
DA:157,2
DA:159,2
DA:161,2
DA:162,2
DA:163,1
DA:166,2
DA:167,2
DA:169,1
DA:170,0
DA:171,0
DA:175,1
DA:177,1
DA:180,1
DA:181,1
DA:187,1
DA:189,1
DA:190,1
DA:196,0
DA:200,0
DA:201,0
DA:204,0
DA:217,0
DA:221,0
DA:224,0
DA:226,0
DA:227,0
DA:230,0
DA:232,0
DA:234,0
DA:236,0
DA:239,0
DA:249,0
DA:250,0
DA:255,0
DA:265,0
DA:266,0
DA:267,0
DA:268,0
DA:273,0
DA:275,0
DA:277,0
DA:280,0
DA:281,0
DA:290,0
DA:298,0
DA:322,0
DA:334,0
DA:337,0
DA:339,0
DA:341,0
DA:343,0
DA:345,0
DA:353,0
DA:368,0
DA:374,0
DA:375,0
DA:382,0
DA:390,0
DA:391,0
DA:394,0
DA:395,0
DA:398,0
DA:399,0
DA:404,0
DA:406,0
DA:407,0
DA:408,0
DA:411,0
DA:419,0
DA:420,0
DA:423,0
DA:426,0
DA:427,0
DA:431,0
DA:432,0
DA:439,0
DA:440,0
DA:442,0
DA:455,0
DA:456,0
DA:457,0
DA:460,0
DA:461,0
DA:464,0
DA:467,0
DA:470,0
DA:471,0
DA:472,0
DA:476,0
DA:477,0
DA:479,0
DA:481,0
DA:482,0
DA:485,0
DA:486,0
DA:490,0
DA:498,0
DA:499,0
DA:502,0
DA:503,0
DA:506,0
DA:507,0
DA:511,0
DA:513,0
DA:514,0
DA:515,0
DA:518,0
DA:523,0
DA:524,0
DA:527,0
DA:530,0
DA:531,0
DA:535,0
DA:536,0
DA:542,0
DA:543,0
DA:545,0
DA:559,2
DA:562,2
DA:563,2
DA:564,2
DA:565,1
DA:567,1
DA:568,1
DA:569,1
DA:573,1
DA:575,1
DA:578,2
DA:584,1
DA:585,1
DA:587,1
DA:589,1
DA:590,2
DA:597,1
DA:601,0
DA:604,0
DA:605,0
DA:606,0
DA:611,0
DA:614,0
DA:620,0
DA:625,0
DA:626,0
DA:638,0
DA:641,0
DA:642,0
DA:643,0
DA:644,0
DA:645,0
DA:648,0
DA:649,0
DA:652,0
DA:655,0
DA:661,0
DA:664,0
DA:665,0
DA:669,0
DA:670,0
DA:671,0
DA:681,0
DA:701,0
DA:709,0
DA:710,0
DA:711,0
DA:714,0
DA:719,0
DA:720,0
DA:721,0
DA:730,2
DA:731,2
DA:732,1
DA:735,1
DA:736,0
DA:737,0
DA:738,0
DA:741,1
DA:745,1
DA:746,0
DA:747,0
DA:748,0
DA:751,1
DA:752,0
DA:753,0
DA:754,0
DA:757,1
DA:760,1
DA:765,1
DA:766,0
DA:767,0
DA:773,1
DA:774,0
DA:775,0
DA:776,0
DA:780,1
DA:781,1
DA:785,1
DA:786,0
DA:787,0
DA:788,0
DA:791,1
DA:793,1
DA:796,0
DA:797,0
DA:798,0
DA:801,1
DA:803,0
DA:806,0
DA:809,0
DA:810,0
DA:814,1
DA:818,1
DA:820,1
DA:821,1
DA:824,1
DA:828,1
DA:831,1
DA:832,1
DA:833,1
DA:839,1
DA:840,1
DA:845,1
DA:850,0
DA:854,0
DA:864,0
DA:868,0
DA:870,0
DA:882,0
DA:883,0
DA:884,0
DA:887,0
DA:892,0
DA:893,0
DA:896,0
DA:897,0
DA:898,0
DA:899,0
DA:902,0
DA:905,0
DA:906,0
DA:909,0
DA:911,0
DA:914,0
DA:917,0
DA:919,0
DA:920,0
DA:923,0
DA:927,0
DA:930,0
DA:933,0
DA:936,0
DA:937,0
DA:938,0
DA:944,0
DA:945,0
DA:950,0
DA:957,0
DA:958,0
DA:959,0
DA:962,0
DA:967,0
DA:968,0
DA:971,0
DA:972,0
DA:973,0
DA:974,0
DA:977,0
DA:980,0
DA:983,0
DA:984,0
DA:992,0
DA:993,0
DA:994,0
DA:997,0
DA:1002,0
DA:1003,0
DA:1004,0
DA:1007,0
DA:1008,0
DA:1013,0
DA:1016,0
DA:1017,0
DA:1018,0
DA:1019,0
DA:1022,0
DA:1024,0
DA:1027,0
DA:1028,0
DA:1029,0
DA:1030,0
DA:1033,0
DA:1034,0
DA:1037,0
DA:1038,0
DA:1043,0
DA:1051,0
DA:1052,0
DA:1053,0
DA:1056,0
DA:1061,0
DA:1062,0
DA:1063,0
DA:1064,0
DA:1067,0
DA:1070,0
DA:1073,0
DA:1074,0
DA:1075,0
DA:1078,0
DA:1080,0
DA:1083,0
DA:1084,0
DA:1087,0
DA:1090,0
DA:1095,0
DA:1096,0
DA:1101,0
DA:1105,0
DA:1106,0
DA:1107,0
DA:1108,0
DA:1109,0
DA:1112,0
DA:1113,0
DA:1114,0
DA:1115,0
DA:1118,0
DA:1119,0
DA:1122,0
DA:1123,0
DA:1129,0
DA:1131,0
DA:1132,0
DA:1133,0
DA:1136,0
DA:1140,0
DA:1143,0
DA:1148,0
DA:1149,0
DA:1154,0
DA:1160,0
DA:1161,0
DA:1164,0
DA:1165,0
DA:1171,0
DA:1172,0
DA:1173,0
DA:1174,0
DA:1175,0
DA:1178,0
DA:1179,0
DA:1181,0
DA:1191,0
DA:1195,0
DA:1197,0
DA:1206,0
DA:1207,0
DA:1208,0
DA:1211,0
DA:1216,0
DA:1217,0
DA:1218,0
DA:1226,0
DA:1227,0
DA:1228,0
DA:1231,0
DA:1232,0
DA:1233,0
DA:1234,0
DA:1238,0
DA:1239,0
DA:1241,0
DA:1244,0
DA:1245,0
DA:1246,0
DA:1247,0
DA:1250,0
DA:1251,0
DA:1252,0
DA:1255,0
DA:1256,0
DA:1259,0
DA:1261,0
DA:1264,0
DA:1268,0
DA:1271,0
DA:1272,0
DA:1275,0
DA:1277,0
DA:1278,0
DA:1282,0
DA:1284,0
DA:1287,0
DA:1288,0
DA:1291,0
DA:1292,0
DA:1295,0
DA:1298,0
DA:1303,0
DA:1304,0
DA:1309,0
DA:1313,0
DA:1315,0
DA:1318,0
DA:1322,0
DA:1324,0
DA:1325,0
DA:1326,0
DA:1332,0
DA:1338,0
DA:1339,0
DA:1342,0
DA:1343,0
DA:1346,0
DA:1348,0
DA:1349,0
DA:1350,0
DA:1351,0
DA:1353,0
DA:1354,0
DA:1355,0
DA:1357,0
DA:1361,0
DA:1362,0
DA:1365,0
DA:1366,0
DA:1370,0
DA:1373,0
DA:1379,2
DA:1382,2
DA:1383,2
DA:1384,2
DA:1385,2
DA:1386,2
DA:1387,2
DA:1390,2
DA:1398,2
DA:1399,1
DA:1400,1
DA:1403,0
DA:1406,2
DA:1407,2
DA:1409,2
DA:1410,2
DA:1411,1
DA:1414,2
DA:1416,2
DA:1424,1
DA:1425,1
DA:1426,1
DA:1428,1
DA:1431,1
DA:1433,1
DA:1435,1
DA:1438,1
DA:1439,1
DA:1441,1
DA:1443,1
DA:1444,1
DA:1445,1
DA:1446,1
DA:1447,0
DA:1448,1
DA:1449,0
DA:1453,1
DA:1465,1
DA:1468,0
DA:1469,0
DA:1472,1
DA:1476,1
DA:1477,1
DA:1478,1
DA:1486,1
DA:1487,1
DA:1488,1
DA:1489,1
DA:1490,0
DA:1491,1
DA:1492,0
DA:1495,1
DA:1506,0
DA:1513,0
DA:1522,2
DA:1528,2
DA:1529,1
DA:1530,1
DA:1531,1
DA:1534,1
DA:1538,1
DA:1543,1
DA:1548,1
DA:1549,1
DA:1554,1
DA:1556,1
DA:1563,1
DA:1571,1
DA:1576,2
DA:1581,2
DA:1582,1
DA:1583,1
DA:1584,1
DA:1586,1
DA:1588,1
DA:1593,1
DA:1599,1
DA:1604,2
DA:1607,1
DA:1612,1
DA:1620,1
DA:1621,1
DA:1623,1
DA:1640,0
DA:1641,0
DA:1642,0
DA:1643,0
DA:1644,0
DA:1647,0
DA:1648,0
DA:1649,0
DA:1650,0
DA:1654,0
DA:1660,0
DA:1661,0
DA:1664,0
DA:1665,0
DA:1668,0
DA:1669,0
DA:1672,0
DA:1673,0
DA:1678,0
DA:1686,0
DA:1687,0
DA:1690,0
DA:1696,0
DA:1705,0
DA:1711,2
DA:1712,2
DA:1713,0
DA:1716,2
DA:1719,2
DA:1720,2
DA:1721,1
DA:1725,1
DA:1730,1
DA:1731,0
DA:1735,1
DA:1742,1
DA:1744,1
DA:1750,1
DA:1755,1
DA:1761,5
DA:1764,5
DA:1765,5
DA:1768,5
DA:1769,1
DA:1773,5
DA:1774,4
DA:1778,5
DA:1779,5
DA:1780,5
DA:1784,2
DA:1785,1
DA:1786,1
DA:1790,2
DA:1792,2
DA:1793,1
DA:1795,1
DA:1796,1
DA:1797,1
DA:1799,1
DA:1800,0
DA:1801,0
DA:1805,1
DA:1806,1
DA:1807,0
DA:1808,0
DA:1810,0
DA:1811,0
DA:1812,0
DA:1815,0
DA:1816,0
DA:1817,0
DA:1820,0
DA:1821,0
DA:1822,0
DA:1824,0
DA:1825,0
DA:1827,0
DA:1830,1
DA:1831,1
DA:1838,1
DA:1841,1
LF:634
LH:192
BRDA:55,0,0,0
BRDA:56,1,0,0
BRDA:56,2,0,1
BRDA:56,2,1,1
BRDA:58,3,0,1
BRDA:62,4,0,0
BRDA:63,5,0,0
BRDA:63,5,1,0
BRDA:76,6,0,0
BRDA:80,7,0,0
BRDA:94,8,0,0
BRDA:94,9,0,0
BRDA:94,9,1,0
BRDA:113,10,0,0
BRDA:113,10,1,0
BRDA:122,11,0,0
BRDA:134,12,0,1
BRDA:134,12,1,0
BRDA:134,12,2,0
BRDA:141,13,0,0
BRDA:146,14,0,0
BRDA:146,14,1,0
BRDA:152,15,0,2
BRDA:152,15,1,2
BRDA:155,16,0,2
BRDA:155,16,1,0
BRDA:159,17,0,1
BRDA:159,17,1,1
BRDA:162,18,0,1
BRDA:169,19,0,0
BRDA:177,20,0,1
BRDA:177,20,1,0
BRDA:177,21,0,0
BRDA:177,21,1,0
BRDA:177,21,2,0
BRDA:181,22,0,1
BRDA:181,22,1,1
BRDA:181,22,2,0
BRDA:181,22,3,0
BRDA:181,22,4,0
BRDA:181,22,5,0
BRDA:181,22,6,0
BRDA:181,22,7,0
BRDA:181,22,8,0
BRDA:200,23,0,0
BRDA:230,24,0,0
BRDA:232,25,0,0
BRDA:232,25,1,0
BRDA:233,26,0,0
BRDA:233,26,1,0
BRDA:249,27,0,0
BRDA:266,28,0,0
BRDA:273,29,0,0
BRDA:275,30,0,0
BRDA:275,30,1,0
BRDA:280,31,0,0
BRDA:292,32,0,0
BRDA:292,32,1,0
BRDA:293,33,0,0
BRDA:293,33,1,0
BRDA:296,34,0,0
BRDA:296,34,1,0
BRDA:296,35,0,0
BRDA:296,35,1,0
BRDA:298,36,0,0
BRDA:298,36,1,0
BRDA:303,37,0,0
BRDA:303,37,1,0
BRDA:310,38,0,0
BRDA:310,38,1,0
BRDA:334,39,0,0
BRDA:339,40,0,0
BRDA:339,40,1,0
BRDA:343,41,0,0
BRDA:374,42,0,0
BRDA:390,43,0,0
BRDA:390,44,0,0
BRDA:390,44,1,0
BRDA:394,45,0,0
BRDA:394,46,0,0
BRDA:394,46,1,0
BRDA:398,47,0,0
BRDA:407,48,0,0
BRDA:419,49,0,0
BRDA:426,50,0,0
BRDA:431,51,0,0
BRDA:431,52,0,0
BRDA:431,52,1,0
BRDA:456,53,0,0
BRDA:460,54,0,0
BRDA:464,55,0,0
BRDA:476,56,0,0
BRDA:479,57,0,0
BRDA:479,57,1,0
BRDA:481,58,0,0
BRDA:481,59,0,0
BRDA:481,59,1,0
BRDA:498,60,0,0
BRDA:498,61,0,0
BRDA:498,61,1,0
BRDA:502,62,0,0
BRDA:502,63,0,0
BRDA:502,63,1,0
BRDA:506,64,0,0
BRDA:514,65,0,0
BRDA:523,66,0,0
BRDA:530,67,0,0
BRDA:535,68,0,0
BRDA:535,69,0,0
BRDA:535,69,1,0
BRDA:556,70,0,1
BRDA:564,71,0,1
BRDA:564,71,1,1
BRDA:584,72,0,1
BRDA:585,73,0,1
BRDA:605,74,0,0
BRDA:611,75,0,0
BRDA:611,75,1,0
BRDA:616,76,0,0
BRDA:616,76,1,0
BRDA:617,77,0,0
BRDA:617,77,1,0
BRDA:625,78,0,0
BRDA:633,79,0,0
BRDA:633,79,1,0
BRDA:636,80,0,0
BRDA:636,80,1,0
BRDA:644,81,0,0
BRDA:644,81,1,0
BRDA:646,82,0,0
BRDA:646,82,1,0
BRDA:646,82,2,0
BRDA:648,83,0,0
BRDA:652,84,0,0
BRDA:653,85,0,0
BRDA:653,85,1,0
BRDA:670,86,0,0
BRDA:683,87,0,0
BRDA:683,87,1,0
BRDA:684,88,0,0
BRDA:684,88,1,0
BRDA:691,89,0,0
BRDA:691,89,1,0
BRDA:710,90,0,0
BRDA:731,91,0,1
BRDA:735,92,0,0
BRDA:745,93,0,0
BRDA:751,94,0,0
BRDA:751,95,0,1
BRDA:751,95,1,1
BRDA:760,96,0,1
BRDA:760,96,1,0
BRDA:762,97,0,0
BRDA:762,97,1,0
BRDA:765,98,0,0
BRDA:765,99,0,1
BRDA:765,99,1,0
BRDA:769,100,0,0
BRDA:769,100,1,0
BRDA:773,101,0,0
BRDA:781,102,0,1
BRDA:781,102,1,0
BRDA:781,102,2,0
BRDA:785,103,0,0
BRDA:791,104,0,0
BRDA:801,105,0,0
BRDA:802,106,0,1
BRDA:802,106,1,0
BRDA:814,107,0,1
BRDA:814,107,1,0
BRDA:814,107,2,0
BRDA:818,108,0,1
BRDA:865,109,0,0
BRDA:865,109,1,0
BRDA:883,110,0,0
BRDA:892,111,0,0
BRDA:892,111,1,0
BRDA:896,112,0,0
BRDA:909,113,0,0
BRDA:915,114,0,0
BRDA:915,114,1,0
BRDA:928,115,0,0
BRDA:928,115,1,0
BRDA:958,116,0,0
BRDA:967,117,0,0
BRDA:967,117,1,0
BRDA:971,118,0,0
BRDA:978,119,0,0
BRDA:978,119,1,0
BRDA:993,120,0,0
BRDA:1002,121,0,0
BRDA:1002,122,0,0
BRDA:1002,122,1,0
BRDA:1002,122,2,0
BRDA:1016,123,0,0
BRDA:1027,124,0,0
BRDA:1052,125,0,0
BRDA:1061,126,0,0
BRDA:1067,127,0,0
BRDA:1083,128,0,0
BRDA:1106,129,0,0
BRDA:1112,130,0,0
BRDA:1122,131,0,0
BRDA:1131,132,0,0
BRDA:1131,132,1,0
BRDA:1160,133,0,0
BRDA:1160,133,1,0
BRDA:1164,134,0,0
BRDA:1172,135,0,0
BRDA:1179,136,0,0
BRDA:1179,136,1,0
BRDA:1192,137,0,0
BRDA:1192,137,1,0
BRDA:1207,138,0,0
BRDA:1227,139,0,0
BRDA:1231,140,0,0
BRDA:1244,141,0,0
BRDA:1250,142,0,0
BRDA:1251,143,0,0
BRDA:1264,144,0,0
BRDA:1265,145,0,0
BRDA:1265,145,1,0
BRDA:1277,146,0,0
BRDA:1287,147,0,0
BRDA:1291,148,0,0
BRDA:1326,149,0,0
BRDA:1326,149,1,0
BRDA:1335,150,0,0
BRDA:1335,150,1,0
BRDA:1335,150,2,0
BRDA:1338,151,0,0
BRDA:1342,152,0,0
BRDA:1349,153,0,0
BRDA:1349,154,0,0
BRDA:1349,154,1,0
BRDA:1353,155,0,0
BRDA:1353,156,0,0
BRDA:1353,156,1,0
BRDA:1357,157,0,0
BRDA:1358,158,0,0
BRDA:1358,158,1,0
BRDA:1365,159,0,0
BRDA:1379,160,0,2
BRDA:1379,160,1,0
BRDA:1386,161,0,2
BRDA:1386,162,0,2
BRDA:1386,162,1,2
BRDA:1407,163,0,2
BRDA:1407,163,1,2
BRDA:1410,164,0,1
BRDA:1424,165,0,1
BRDA:1424,165,1,0
BRDA:1426,166,0,1
BRDA:1426,166,1,0
BRDA:1426,167,0,0
BRDA:1426,167,1,0
BRDA:1426,167,2,0
BRDA:1435,168,0,0
BRDA:1435,169,0,1
BRDA:1435,169,1,1
BRDA:1438,170,0,1
BRDA:1438,170,1,0
BRDA:1438,170,2,0
BRDA:1438,170,3,0
BRDA:1439,171,0,1
BRDA:1439,171,1,0
BRDA:1443,172,0,1
BRDA:1446,173,0,0
BRDA:1446,173,1,1
BRDA:1448,174,0,0
BRDA:1458,175,0,1
BRDA:1458,175,1,0
BRDA:1489,176,0,0
BRDA:1489,176,1,1
BRDA:1491,177,0,0
BRDA:1498,178,0,1
BRDA:1498,178,1,0
BRDA:1528,179,0,1
BRDA:1548,180,0,1
BRDA:1581,181,0,1
BRDA:1641,182,0,0
BRDA:1647,183,0,0
BRDA:1660,184,0,0
BRDA:1664,185,0,0
BRDA:1673,186,0,0
BRDA:1673,186,1,0
BRDA:1712,187,0,0
BRDA:1720,188,0,1
BRDA:1730,189,0,0
BRDA:1764,190,0,5
BRDA:1768,191,0,1
BRDA:1773,192,0,4
BRDA:1778,193,0,5
BRDA:1780,194,0,3
BRDA:1784,195,0,1
BRDA:1786,196,0,0
BRDA:1790,197,0,2
BRDA:1790,197,1,0
BRDA:1790,197,2,0
BRDA:1792,198,0,1
BRDA:1793,199,0,1
BRDA:1793,199,1,0
BRDA:1793,199,2,0
BRDA:1795,200,0,1
BRDA:1795,200,1,0
BRDA:1796,201,0,1
BRDA:1796,201,1,0
BRDA:1796,201,2,0
BRDA:1796,202,0,0
BRDA:1796,202,1,0
BRDA:1797,203,0,1
BRDA:1797,203,1,0
BRDA:1799,204,0,0
BRDA:1806,205,0,0
BRDA:1810,206,0,0
BRDA:1810,207,0,0
BRDA:1810,207,1,0
BRDA:1810,207,2,0
BRDA:1815,208,0,0
BRDA:1815,209,0,0
BRDA:1815,209,1,0
BRDA:1820,210,0,0
BRDA:1820,211,0,0
BRDA:1820,211,1,0
BRDA:1824,212,0,0
BRDA:1832,213,0,1
BRDA:1832,213,1,0
BRDA:1832,214,0,1
BRDA:1832,214,1,1
BRF:329
BRH:64
end_of_record
TN:
SF:src\services\link-preview.service.ts
FN:22,(anonymous_0)
FN:40,(anonymous_1)
FN:50,(anonymous_2)
FN:51,(anonymous_3)
FN:89,(anonymous_4)
FN:114,(anonymous_5)
FNF:6
FNH:2
FNDA:10,(anonymous_0)
FNDA:0,(anonymous_1)
FNDA:0,(anonymous_2)
FNDA:0,(anonymous_3)
FNDA:1,(anonymous_4)
FNDA:0,(anonymous_5)
DA:1,1
DA:9,1
DA:15,1
DA:23,10
DA:24,3
DA:27,7
DA:28,7
DA:29,4
DA:31,3
DA:41,0
DA:43,0
DA:44,0
DA:45,0
DA:50,0
DA:51,0
DA:54,0
DA:61,0
DA:72,0
DA:75,0
DA:76,0
DA:92,1
DA:94,1
DA:95,1
DA:96,1
DA:100,0
DA:101,0
DA:104,0
DA:105,0
DA:115,0
DA:116,0
DA:117,0
DA:119,0
LF:32
LH:13
BRDA:23,0,0,3
BRDA:23,1,0,10
BRDA:23,1,1,7
BRDA:28,2,0,4
BRDA:28,3,0,7
BRDA:28,3,1,4
BRDA:43,4,0,0
BRDA:63,5,0,0
BRDA:63,5,1,0
BRDA:64,6,0,0
BRDA:64,6,1,0
BRDA:67,7,0,0
BRDA:67,7,1,0
BRDA:67,7,2,0
BRDA:95,8,0,1
BRF:15
BRH:7
end_of_record
